<?xml version="1.0" encoding="UTF-8"?>
<!-- Generated by org.testng.reporters.JUnitXMLReporter -->
<testsuite hostname="akundu18" ignored="0" name="Create Account Test" tests="3" failures="0" timestamp="18 Oct 2019 12:41:54 GMT" time="77.04" errors="0">
  <testcase name="createAccountTest" time="27.078" classname="TestCases.CreateAccountTest"/>
  <testcase name="createAccountTest" time="0.0" classname="TestCases.CreateAccountTest">
    <skipped/>
  </testcase> <!-- createAccountTest -->
  <testcase name="createAccountTest" time="48.062" classname="TestCases.CreateAccountTest"/>
</testsuite> <!-- Create Account Test -->
