<?xml version="1.0" encoding="UTF-8"?>
<!-- Generated by org.testng.reporters.JUnitXMLReporter -->
<testsuite hostname="akundu18" ignored="0" name="Flight Search Test" tests="1" failures="1" timestamp="18 Oct 2019 12:40:37 GMT" time="19.828" errors="0">
  <testcase name="flightSearchTest" time="16.892" classname="TestCases.FlightSearchTest">
    <failure type="java.lang.ClassCastException" message="com.aventstack.extentreports.ExtentTest cannot be cast to com.aventstack.extentreports.markuputils.Markup">
      <![CDATA[java.lang.ClassCastException: com.aventstack.extentreports.ExtentTest cannot be cast to com.aventstack.extentreports.markuputils.Markup
at BasePage.BaseTest.verifyEquals(BaseTest.java:133)
at TestCases.FlightSearchTest.flightSearchTest(FlightSearchTest.java:38)
... Removed 25 stack frames]]>
    </failure>
  </testcase> <!-- flightSearchTest -->
</testsuite> <!-- Flight Search Test -->
