<?xml version="1.0" encoding="UTF-8"?>
<!-- Generated by org.testng.reporters.JUnitXMLReporter -->
<testsuite hostname="akundu18" ignored="0" name="Hotel Search Test" tests="1" failures="1" timestamp="18 Oct 2019 12:42:09 GMT" time="14.356" errors="0">
  <testcase name="hotelSearhTest" time="12.45" classname="TestCases.HotelSearchTest">
    <failure type="java.lang.ClassCastException" message="com.aventstack.extentreports.ExtentTest cannot be cast to com.aventstack.extentreports.markuputils.Markup">
      <![CDATA[java.lang.ClassCastException: com.aventstack.extentreports.ExtentTest cannot be cast to com.aventstack.extentreports.markuputils.Markup
at BasePage.BaseTest.verifyEquals(BaseTest.java:133)
at TestCases.HotelSearchTest.hotelSearhTest(HotelSearchTest.java:36)
... Removed 25 stack frames]]>
    </failure>
  </testcase> <!-- hotelSearhTest -->
</testsuite> <!-- Hotel Search Test -->
