<?xml version="1.0" encoding="UTF-8"?>
<!-- Generated by org.testng.reporters.JUnitXMLReporter -->
<testsuite hostname="akundu18" ignored="0" name="SignIn Test" tests="2" failures="0" timestamp="18 Oct 2019 12:42:09 GMT" time="0.03" errors="0">
  <testcase name="signInTest" time="0.007" classname="TestCases.SignInTest">
    <skipped/>
  </testcase> <!-- signInTest -->
  <testcase name="signInTest" time="0.002" classname="TestCases.SignInTest">
    <skipped/>
  </testcase> <!-- signInTest -->
</testsuite> <!-- SignIn Test -->
