<?xml version="1.0" encoding="UTF-8"?>
<!-- Generated by org.testng.reporters.JUnitXMLReporter -->
<testsuite hostname="akundu18" ignored="0" name="Signin Test" tests="2" failures="0" timestamp="18 Aug 2019 04:47:46 GMT" time="0.915" errors="0">
  <testcase name="signInTest" time="0.001" classname="TestCases.SignInTest">
    <skipped/>
  </testcase> <!-- signInTest -->
  <testcase name="signInTest" time="0.0" classname="TestCases.SignInTest">
    <skipped/>
  </testcase> <!-- signInTest -->
</testsuite> <!-- Signin Test -->
